# JRE version: Java(TM) SE Runtime Environment (8.0_131-b11) (build 1.8.0_131-b11)
# Java VM: Java HotSpot(TM) 64-Bit Server VM (25.131-b11 mixed mode linux-amd64 compressed oops)
Heap:
 PSYoungGen      total 137216K, used 4135K [0x000000076e200000, 0x000000077a200000, 0x00000007c0000000)
  eden space 126976K, 3% used [0x000000076e200000,0x000000076e609e58,0x0000000775e00000)
  from space 10240K, 0% used [0x0000000775e00000,0x0000000775e00000,0x0000000776800000)
  to   space 10240K, 0% used [0x0000000779800000,0x0000000779800000,0x000000077a200000)
 ParOldGen       total 202240K, used 17375K [0x00000006ca600000, 0x00000006d6b80000, 0x000000076e200000)
  object space 202240K, 8% used [0x00000006ca600000,0x00000006cb6f7cd0,0x00000006d6b80000)
 Metaspace       used 33317K, capacity 35758K, committed 36008K, reserved 1081344K
  class space    used 4599K, capacity 5032K, committed 5032K, reserved 1048576K
GC Heap History (10 events):
Event: 0.853 GC heap before
{Heap before GC invocations=1 (full 0):
 PSYoungGen      total 73728K, used 63488K [0x000000076e200000, 0x0000000773400000, 0x00000007c0000000)
  eden space 63488K, 100% used [0x000000076e200000,0x0000000772000000,0x0000000772000000)
  from space 10240K, 0% used [0x0000000772a00000,0x0000000772a00000,0x0000000773400000)
  to   space 10240K, 0% used [0x0000000772000000,0x0000000772000000,0x0000000772a00000)
 ParOldGen       total 167936K, used 0K [0x00000006ca600000, 0x00000006d4a00000, 0x000000076e200000)
  object space 167936K, 0% used [0x00000006ca600000,0x00000006ca600000,0x00000006d4a00000)
 Metaspace       used 15114K, capacity 15954K, committed 16256K, reserved 1062912K
  class space    used 1914K, capacity 2123K, committed 2176K, reserved 1048576K
Event: 0.863 GC heap after
Heap after GC invocations=1 (full 0):
 PSYoungGen      total 73728K, used 10012K [0x000000076e200000, 0x0000000777200000, 0x00000007c0000000)
  eden space 63488K, 0% used [0x000000076e200000,0x000000076e200000,0x0000000772000000)
  from space 10240K, 97% used [0x0000000772000000,0x00000007729c71e0,0x0000000772a00000)
  to   space 10240K, 0% used [0x0000000776800000,0x0000000776800000,0x0000000777200000)
 ParOldGen       total 167936K, used 16K [0x00000006ca600000, 0x00000006d4a00000, 0x000000076e200000)
  object space 167936K, 0% used [0x00000006ca600000,0x00000006ca604000,0x00000006d4a00000)
 Metaspace       used 15114K, capacity 15954K, committed 16256K, reserved 1062912K
  class space    used 1914K, capacity 2123K, committed 2176K, reserved 1048576K
}
Event: 1.355 GC heap before
{Heap before GC invocations=2 (full 0):
 PSYoungGen      total 73728K, used 63681K [0x000000076e200000, 0x0000000777200000, 0x00000007c0000000)
  eden space 63488K, 84% used [0x000000076e200000,0x00000007716694d8,0x0000000772000000)
  from space 10240K, 97% used [0x0000000772000000,0x00000007729c71e0,0x0000000772a00000)
  to   space 10240K, 0% used [0x0000000776800000,0x0000000776800000,0x0000000777200000)
 ParOldGen       total 167936K, used 16K [0x00000006ca600000, 0x00000006d4a00000, 0x000000076e200000)
  object space 167936K, 0% used [0x00000006ca600000,0x00000006ca604000,0x00000006d4a00000)
 Metaspace       used 20024K, capacity 21238K, committed 21296K, reserved 1067008K
  class space    used 2636K, capacity 2925K, committed 2944K, reserved 1048576K
Event: 1.366 GC heap after
Heap after GC invocations=2 (full 0):
 PSYoungGen      total 137216K, used 10233K [0x000000076e200000, 0x0000000777200000, 0x00000007c0000000)
  eden space 126976K, 0% used [0x000000076e200000,0x000000076e200000,0x0000000775e00000)
  from space 10240K, 99% used [0x0000000776800000,0x00000007771fe790,0x0000000777200000)
  to   space 10240K, 0% used [0x0000000775e00000,0x0000000775e00000,0x0000000776800000)
 ParOldGen       total 167936K, used 544K [0x00000006ca600000, 0x00000006d4a00000, 0x000000076e200000)
  object space 167936K, 0% used [0x00000006ca600000,0x00000006ca6880e0,0x00000006d4a00000)
 Metaspace       used 20024K, capacity 21238K, committed 21296K, reserved 1067008K
  class space    used 2636K, capacity 2925K, committed 2944K, reserved 1048576K
}
Event: 1.366 GC heap before
{Heap before GC invocations=3 (full 1):
 PSYoungGen      total 137216K, used 10233K [0x000000076e200000, 0x0000000777200000, 0x00000007c0000000)
  eden space 126976K, 0% used [0x000000076e200000,0x000000076e200000,0x0000000775e00000)
  from space 10240K, 99% used [0x0000000776800000,0x00000007771fe790,0x0000000777200000)
  to   space 10240K, 0% used [0x0000000775e00000,0x0000000775e00000,0x0000000776800000)
 ParOldGen       total 167936K, used 544K [0x00000006ca600000, 0x00000006d4a00000, 0x000000076e200000)
  object space 167936K, 0% used [0x00000006ca600000,0x00000006ca6880e0,0x00000006d4a00000)
 Metaspace       used 20024K, capacity 21238K, committed 21296K, reserved 1067008K
  class space    used 2636K, capacity 2925K, committed 2944K, reserved 1048576K
Event: 1.400 GC heap after
Heap after GC invocations=3 (full 1):
 PSYoungGen      total 137216K, used 0K [0x000000076e200000, 0x0000000777200000, 0x00000007c0000000)
  eden space 126976K, 0% used [0x000000076e200000,0x000000076e200000,0x0000000775e00000)
  from space 10240K, 0% used [0x0000000776800000,0x0000000776800000,0x0000000777200000)
  to   space 10240K, 0% used [0x0000000775e00000,0x0000000775e00000,0x0000000776800000)
 ParOldGen       total 114176K, used 10320K [0x00000006ca600000, 0x00000006d1580000, 0x000000076e200000)
  object space 114176K, 9% used [0x00000006ca600000,0x00000006cb014318,0x00000006d1580000)
 Metaspace       used 20024K, capacity 21238K, committed 21296K, reserved 1067008K
  class space    used 2636K, capacity 2925K, committed 2944K, reserved 1048576K
}
Event: 2.366 GC heap before
{Heap before GC invocations=4 (full 1):
 PSYoungGen      total 137216K, used 73590K [0x000000076e200000, 0x0000000777200000, 0x00000007c0000000)
  eden space 126976K, 57% used [0x000000076e200000,0x00000007729ddbb0,0x0000000775e00000)
  from space 10240K, 0% used [0x0000000776800000,0x0000000776800000,0x0000000777200000)
  to   space 10240K, 0% used [0x0000000775e00000,0x0000000775e00000,0x0000000776800000)
 ParOldGen       total 114176K, used 10320K [0x00000006ca600000, 0x00000006d1580000, 0x000000076e200000)
  object space 114176K, 9% used [0x00000006ca600000,0x00000006cb014318,0x00000006d1580000)
 Metaspace       used 33076K, capacity 35450K, committed 35496K, reserved 1079296K
  class space    used 4559K, capacity 4994K, committed 5032K, reserved 1048576K
Event: 2.382 GC heap after
Heap after GC invocations=4 (full 1):
 PSYoungGen      total 137216K, used 10218K [0x000000076e200000, 0x000000077a200000, 0x00000007c0000000)
  eden space 126976K, 0% used [0x000000076e200000,0x000000076e200000,0x0000000775e00000)
  from space 10240K, 99% used [0x0000000775e00000,0x00000007767fab50,0x0000000776800000)
  to   space 10240K, 0% used [0x0000000779800000,0x0000000779800000,0x000000077a200000)
 ParOldGen       total 114176K, used 12970K [0x00000006ca600000, 0x00000006d1580000, 0x000000076e200000)
  object space 114176K, 11% used [0x00000006ca600000,0x00000006cb2aa8b0,0x00000006d1580000)
 Metaspace       used 33076K, capacity 35450K, committed 35496K, reserved 1079296K
  class space    used 4559K, capacity 4994K, committed 5032K, reserved 1048576K
}
Event: 2.382 GC heap before
{Heap before GC invocations=5 (full 2):
 PSYoungGen      total 137216K, used 10218K [0x000000076e200000, 0x000000077a200000, 0x00000007c0000000)
  eden space 126976K, 0% used [0x000000076e200000,0x000000076e200000,0x0000000775e00000)
  from space 10240K, 99% used [0x0000000775e00000,0x00000007767fab50,0x0000000776800000)
  to   space 10240K, 0% used [0x0000000779800000,0x0000000779800000,0x000000077a200000)
 ParOldGen       total 114176K, used 12970K [0x00000006ca600000, 0x00000006d1580000, 0x000000076e200000)
  object space 114176K, 11% used [0x00000006ca600000,0x00000006cb2aa8b0,0x00000006d1580000)
 Metaspace       used 33076K, capacity 35450K, committed 35496K, reserved 1079296K
  class space    used 4559K, capacity 4994K, committed 5032K, reserved 1048576K
Event: 2.459 GC heap after
Heap after GC invocations=5 (full 2):
 PSYoungGen      total 137216K, used 0K [0x000000076e200000, 0x000000077a200000, 0x00000007c0000000)
  eden space 126976K, 0% used [0x000000076e200000,0x000000076e200000,0x0000000775e00000)
  from space 10240K, 0% used [0x0000000775e00000,0x0000000775e00000,0x0000000776800000)
  to   space 10240K, 0% used [0x0000000779800000,0x0000000779800000,0x000000077a200000)
 ParOldGen       total 202240K, used 17375K [0x00000006ca600000, 0x00000006d6b80000, 0x000000076e200000)
  object space 202240K, 8% used [0x00000006ca600000,0x00000006cb6f7cd0,0x00000006d6b80000)
 Metaspace       used 33076K, capacity 35450K, committed 35496K, reserved 1079296K
  class space    used 4559K, capacity 4994K, committed 5032K, reserved 1048576K
}

