# JRE version: Java(TM) SE Runtime Environment (8.0_131-b11) (build 1.8.0_131-b11)
# Java VM: Java HotSpot(TM) 64-Bit Server VM (25.131-b11 mixed mode linux-amd64 compressed oops)
Heap:
 PSYoungGen      total 137216K, used 24657K [0x000000076e200000, 0x000000077a200000, 0x00000007c0000000)
  eden space 126976K, 19% used [0x000000076e200000,0x000000076fa14670,0x0000000775e00000)
  from space 10240K, 0% used [0x0000000775e00000,0x0000000775e00000,0x0000000776800000)
  to   space 10240K, 0% used [0x0000000779800000,0x0000000779800000,0x000000077a200000)
 ParOldGen       total 202240K, used 17351K [0x00000006ca600000, 0x00000006d6b80000, 0x000000076e200000)
  object space 202240K, 8% used [0x00000006ca600000,0x00000006cb6f1f20,0x00000006d6b80000)
 Metaspace       used 35386K, capacity 37906K, committed 38144K, reserved 1081344K
  class space    used 4854K, capacity 5310K, committed 5376K, reserved 1048576K
GC Heap History (10 events):
Event: 0.883 GC heap before
{Heap before GC invocations=1 (full 0):
 PSYoungGen      total 73728K, used 63488K [0x000000076e200000, 0x0000000773400000, 0x00000007c0000000)
  eden space 63488K, 100% used [0x000000076e200000,0x0000000772000000,0x0000000772000000)
  from space 10240K, 0% used [0x0000000772a00000,0x0000000772a00000,0x0000000773400000)
  to   space 10240K, 0% used [0x0000000772000000,0x0000000772000000,0x0000000772a00000)
 ParOldGen       total 167936K, used 0K [0x00000006ca600000, 0x00000006d4a00000, 0x000000076e200000)
  object space 167936K, 0% used [0x00000006ca600000,0x00000006ca600000,0x00000006d4a00000)
 Metaspace       used 15117K, capacity 15952K, committed 16256K, reserved 1062912K
  class space    used 1917K, capacity 2122K, committed 2176K, reserved 1048576K
Event: 0.896 GC heap after
Heap after GC invocations=1 (full 0):
 PSYoungGen      total 73728K, used 9989K [0x000000076e200000, 0x0000000777200000, 0x00000007c0000000)
  eden space 63488K, 0% used [0x000000076e200000,0x000000076e200000,0x0000000772000000)
  from space 10240K, 97% used [0x0000000772000000,0x00000007729c17f0,0x0000000772a00000)
  to   space 10240K, 0% used [0x0000000776800000,0x0000000776800000,0x0000000777200000)
 ParOldGen       total 167936K, used 16K [0x00000006ca600000, 0x00000006d4a00000, 0x000000076e200000)
  object space 167936K, 0% used [0x00000006ca600000,0x00000006ca604000,0x00000006d4a00000)
 Metaspace       used 15117K, capacity 15952K, committed 16256K, reserved 1062912K
  class space    used 1917K, capacity 2122K, committed 2176K, reserved 1048576K
}
Event: 1.410 GC heap before
{Heap before GC invocations=2 (full 0):
 PSYoungGen      total 73728K, used 63562K [0x000000076e200000, 0x0000000777200000, 0x00000007c0000000)
  eden space 63488K, 84% used [0x000000076e200000,0x00000007716510b0,0x0000000772000000)
  from space 10240K, 97% used [0x0000000772000000,0x00000007729c17f0,0x0000000772a00000)
  to   space 10240K, 0% used [0x0000000776800000,0x0000000776800000,0x0000000777200000)
 ParOldGen       total 167936K, used 16K [0x00000006ca600000, 0x00000006d4a00000, 0x000000076e200000)
  object space 167936K, 0% used [0x00000006ca600000,0x00000006ca604000,0x00000006d4a00000)
 Metaspace       used 20025K, capacity 21246K, committed 21296K, reserved 1067008K
  class space    used 2638K, capacity 2925K, committed 2944K, reserved 1048576K
Event: 1.419 GC heap after
Heap after GC invocations=2 (full 0):
 PSYoungGen      total 137216K, used 10211K [0x000000076e200000, 0x0000000777200000, 0x00000007c0000000)
  eden space 126976K, 0% used [0x000000076e200000,0x000000076e200000,0x0000000775e00000)
  from space 10240K, 99% used [0x0000000776800000,0x00000007771f8e80,0x0000000777200000)
  to   space 10240K, 0% used [0x0000000775e00000,0x0000000775e00000,0x0000000776800000)
 ParOldGen       total 167936K, used 446K [0x00000006ca600000, 0x00000006d4a00000, 0x000000076e200000)
  object space 167936K, 0% used [0x00000006ca600000,0x00000006ca66f8a0,0x00000006d4a00000)
 Metaspace       used 20025K, capacity 21246K, committed 21296K, reserved 1067008K
  class space    used 2638K, capacity 2925K, committed 2944K, reserved 1048576K
}
Event: 1.419 GC heap before
{Heap before GC invocations=3 (full 1):
 PSYoungGen      total 137216K, used 10211K [0x000000076e200000, 0x0000000777200000, 0x00000007c0000000)
  eden space 126976K, 0% used [0x000000076e200000,0x000000076e200000,0x0000000775e00000)
  from space 10240K, 99% used [0x0000000776800000,0x00000007771f8e80,0x0000000777200000)
  to   space 10240K, 0% used [0x0000000775e00000,0x0000000775e00000,0x0000000776800000)
 ParOldGen       total 167936K, used 446K [0x00000006ca600000, 0x00000006d4a00000, 0x000000076e200000)
  object space 167936K, 0% used [0x00000006ca600000,0x00000006ca66f8a0,0x00000006d4a00000)
 Metaspace       used 20025K, capacity 21246K, committed 21296K, reserved 1067008K
  class space    used 2638K, capacity 2925K, committed 2944K, reserved 1048576K
Event: 1.453 GC heap after
Heap after GC invocations=3 (full 1):
 PSYoungGen      total 137216K, used 0K [0x000000076e200000, 0x0000000777200000, 0x00000007c0000000)
  eden space 126976K, 0% used [0x000000076e200000,0x000000076e200000,0x0000000775e00000)
  from space 10240K, 0% used [0x0000000776800000,0x0000000776800000,0x0000000777200000)
  to   space 10240K, 0% used [0x0000000775e00000,0x0000000775e00000,0x0000000776800000)
 ParOldGen       total 112640K, used 10308K [0x00000006ca600000, 0x00000006d1400000, 0x000000076e200000)
  object space 112640K, 9% used [0x00000006ca600000,0x00000006cb0113c8,0x00000006d1400000)
 Metaspace       used 20025K, capacity 21246K, committed 21296K, reserved 1067008K
  class space    used 2638K, capacity 2925K, committed 2944K, reserved 1048576K
}
Event: 2.526 GC heap before
{Heap before GC invocations=4 (full 1):
 PSYoungGen      total 137216K, used 73622K [0x000000076e200000, 0x0000000777200000, 0x00000007c0000000)
  eden space 126976K, 57% used [0x000000076e200000,0x00000007729e5b80,0x0000000775e00000)
  from space 10240K, 0% used [0x0000000776800000,0x0000000776800000,0x0000000777200000)
  to   space 10240K, 0% used [0x0000000775e00000,0x0000000775e00000,0x0000000776800000)
 ParOldGen       total 112640K, used 10308K [0x00000006ca600000, 0x00000006d1400000, 0x000000076e200000)
  object space 112640K, 9% used [0x00000006ca600000,0x00000006cb0113c8,0x00000006d1400000)
 Metaspace       used 33040K, capacity 35416K, committed 35456K, reserved 1079296K
  class space    used 4551K, capacity 4979K, committed 4992K, reserved 1048576K
Event: 2.539 GC heap after
Heap after GC invocations=4 (full 1):
 PSYoungGen      total 137216K, used 10218K [0x000000076e200000, 0x000000077a200000, 0x00000007c0000000)
  eden space 126976K, 0% used [0x000000076e200000,0x000000076e200000,0x0000000775e00000)
  from space 10240K, 99% used [0x0000000775e00000,0x00000007767faa88,0x0000000776800000)
  to   space 10240K, 0% used [0x0000000779800000,0x0000000779800000,0x000000077a200000)
 ParOldGen       total 112640K, used 12911K [0x00000006ca600000, 0x00000006d1400000, 0x000000076e200000)
  object space 112640K, 11% used [0x00000006ca600000,0x00000006cb29be38,0x00000006d1400000)
 Metaspace       used 33040K, capacity 35416K, committed 35456K, reserved 1079296K
  class space    used 4551K, capacity 4979K, committed 4992K, reserved 1048576K
}
Event: 2.539 GC heap before
{Heap before GC invocations=5 (full 2):
 PSYoungGen      total 137216K, used 10218K [0x000000076e200000, 0x000000077a200000, 0x00000007c0000000)
  eden space 126976K, 0% used [0x000000076e200000,0x000000076e200000,0x0000000775e00000)
  from space 10240K, 99% used [0x0000000775e00000,0x00000007767faa88,0x0000000776800000)
  to   space 10240K, 0% used [0x0000000779800000,0x0000000779800000,0x000000077a200000)
 ParOldGen       total 112640K, used 12911K [0x00000006ca600000, 0x00000006d1400000, 0x000000076e200000)
  object space 112640K, 11% used [0x00000006ca600000,0x00000006cb29be38,0x00000006d1400000)
 Metaspace       used 33040K, capacity 35416K, committed 35456K, reserved 1079296K
  class space    used 4551K, capacity 4979K, committed 4992K, reserved 1048576K
Event: 2.639 GC heap after
Heap after GC invocations=5 (full 2):
 PSYoungGen      total 137216K, used 0K [0x000000076e200000, 0x000000077a200000, 0x00000007c0000000)
  eden space 126976K, 0% used [0x000000076e200000,0x000000076e200000,0x0000000775e00000)
  from space 10240K, 0% used [0x0000000775e00000,0x0000000775e00000,0x0000000776800000)
  to   space 10240K, 0% used [0x0000000779800000,0x0000000779800000,0x000000077a200000)
 ParOldGen       total 202240K, used 17351K [0x00000006ca600000, 0x00000006d6b80000, 0x000000076e200000)
  object space 202240K, 8% used [0x00000006ca600000,0x00000006cb6f1f20,0x00000006d6b80000)
 Metaspace       used 33040K, capacity 35416K, committed 35456K, reserved 1079296K
  class space    used 4551K, capacity 4979K, committed 4992K, reserved 1048576K
}

