<?xml version="1.0" encoding="UTF-8" ?>
<testsuite tests="7" failures="5" name="upskill.MaoDeJogoIT" time="0.059" errors="0" skipped="0">
  <properties>
[...]
</properties>
  <testcase classname="upskill.MaoDeJogoIT" name="upskill.MaoDeJogoIT.testGetCartas" time="0.01"/>
  <testcase classname="upskill.MaoDeJogoIT" name="upskill.MaoDeJogoIT.testAddCarta" time="0"/>
  <testcase classname="upskill.MaoDeJogoIT" name="upskill.MaoDeJogoIT.testTiposDeCarta" time="0.034">
    <failure message="expected: &lt;null&gt; but was: &lt;[]&gt;" type="org.opentest4j.AssertionFailedError">org.opentest4j.AssertionFailedError: expected: &lt;null&gt; but was: &lt;[]&gt;
	at org.junit.jupiter.api.AssertionUtils.fail(AssertionUtils.java:55)
	at org.junit.jupiter.api.AssertionUtils.failNotEqual(AssertionUtils.java:62)
	at org.junit.jupiter.api.AssertEquals.assertEquals(AssertEquals.java:182)
	at org.junit.jupiter.api.AssertEquals.assertEquals(AssertEquals.java:177)
	at org.junit.jupiter.api.Assertions.assertEquals(Assertions.java:1124)
	at upskill.MaoDeJogoIT.testTiposDeCarta(MaoDeJogoIT.java:68)
</failure>
    <system-out>tiposDeCarta
</system-out>
  </testcase>
  <testcase classname="upskill.MaoDeJogoIT" name="upskill.MaoDeJogoIT.testOrdenar" time="0.005">
    <failure message="The test case is a prototype." type="org.opentest4j.AssertionFailedError">org.opentest4j.AssertionFailedError: The test case is a prototype.
	at org.junit.jupiter.api.AssertionUtils.fail(AssertionUtils.java:39)
	at org.junit.jupiter.api.Assertions.fail(Assertions.java:109)
	at upskill.MaoDeJogoIT.testOrdenar(MaoDeJogoIT.java:82)
</failure>
    <system-out>ordenar
</system-out>
  </testcase>
  <testcase classname="upskill.MaoDeJogoIT" name="upskill.MaoDeJogoIT.testContarCartasDoTipo" time="0.004">
    <failure message="The test case is a prototype." type="org.opentest4j.AssertionFailedError">org.opentest4j.AssertionFailedError: The test case is a prototype.
	at org.junit.jupiter.api.AssertionUtils.fail(AssertionUtils.java:39)
	at org.junit.jupiter.api.Assertions.fail(Assertions.java:109)
	at upskill.MaoDeJogoIT.testContarCartasDoTipo(MaoDeJogoIT.java:97)
</failure>
    <system-out>contarCartasDoTipo
</system-out>
  </testcase>
  <testcase classname="upskill.MaoDeJogoIT" name="upskill.MaoDeJogoIT.testToString" time="0.002">
    <failure message="expected: &lt;&gt; but was: &lt;MaoDeJogo{cartas=[]}&gt;" type="org.opentest4j.AssertionFailedError">org.opentest4j.AssertionFailedError: expected: &lt;&gt; but was: &lt;MaoDeJogo{cartas=[]}&gt;
	at org.junit.jupiter.api.AssertionUtils.fail(AssertionUtils.java:55)
	at org.junit.jupiter.api.AssertionUtils.failNotEqual(AssertionUtils.java:62)
	at org.junit.jupiter.api.AssertEquals.assertEquals(AssertEquals.java:182)
	at org.junit.jupiter.api.AssertEquals.assertEquals(AssertEquals.java:177)
	at org.junit.jupiter.api.Assertions.assertEquals(Assertions.java:1124)
	at upskill.MaoDeJogoIT.testToString(MaoDeJogoIT.java:109)
</failure>
    <system-out>toString
</system-out>
  </testcase>
  <testcase classname="upskill.MaoDeJogoIT" name="upskill.MaoDeJogoIT.testEquals" time="0.004">
    <failure message="The test case is a prototype." type="org.opentest4j.AssertionFailedError">org.opentest4j.AssertionFailedError: The test case is a prototype.
	at org.junit.jupiter.api.AssertionUtils.fail(AssertionUtils.java:39)
	at org.junit.jupiter.api.Assertions.fail(Assertions.java:109)
	at upskill.MaoDeJogoIT.testEquals(MaoDeJogoIT.java:127)
</failure>
    <system-out>equals
</system-out>
  </testcase>
</testsuite>